Using pre-set license
Built from '2020.3/staging' branch; Version is '2020.3.26f1 (7298b473bc1a) revision 7510196'; Using compiler version '192528614'; Build Type 'Release'
OS: 'Windows 10  (10.0.19045) 64bit Professional' Language: 'ja' Physical Memory: 32688 MB
BatchMode: 1, IsHumanControllingUs: 0, StartBugReporterOnCrash: 0, Is64bit: 1, IsPro: 0

COMMAND LINE ARGUMENTS:
C:\Program Files\Unity\Hub\Editor\2020.3.26f1\Editor\Unity.exe
-adb2
-batchMode
-noUpm
-name
AssetImportWorker0
-projectPath
C:/Users/cre/Documents/GoingHomeGame/GoingHome
-logFile
Logs/AssetImportWorker0.log
-srvPort
52684
Successfully changed project path to: C:/Users/cre/Documents/GoingHomeGame/GoingHome
C:/Users/cre/Documents/GoingHomeGame/GoingHome
Using Asset Import Pipeline V2.
Refreshing native plugins compatible for Editor in 25.08 ms, found 2 plugins.
Preloading 0 native plugins for Editor in 0.00 ms.
Initialize engine version: 2020.3.26f1 (7298b473bc1a)
[Subsystems] Discovering subsystems at path C:/Program Files/Unity/Hub/Editor/2020.3.26f1/Editor/Data/Resources/UnitySubsystems
[Subsystems] Discovering subsystems at path C:/Users/cre/Documents/GoingHomeGame/GoingHome/Assets
GfxDevice: creating device client; threaded=0
Direct3D:
    Version:  Direct3D 11.0 [level 11.1]
    Renderer: NVIDIA GeForce RTX 2070 SUPER (ID=0x1e84)
    Vendor:   
    VRAM:     8012 MB
    Driver:   31.0.15.1694
Initialize mono
Mono path[0] = 'C:/Program Files/Unity/Hub/Editor/2020.3.26f1/Editor/Data/Managed'
Mono path[1] = 'C:/Program Files/Unity/Hub/Editor/2020.3.26f1/Editor/Data/MonoBleedingEdge/lib/mono/unityjit'
Mono config path = 'C:/Program Files/Unity/Hub/Editor/2020.3.26f1/Editor/Data/MonoBleedingEdge/etc'
Using monoOptions --debugger-agent=transport=dt_socket,embedding=1,server=y,suspend=n,address=127.0.0.1:56520
Begin MonoManager ReloadAssembly
Registering precompiled unity dll's ...
Register platform support module: C:/Program Files/Unity/Hub/Editor/2020.3.26f1/Editor/Data/PlaybackEngines/WindowsStandaloneSupport/UnityEditor.WindowsStandalone.Extensions.dll
Registered in 0.001519 seconds.
Native extension for WindowsStandalone target not found
Refreshing native plugins compatible for Editor in 23.26 ms, found 2 plugins.
Preloading 0 native plugins for Editor in 0.00 ms.
Mono: successfully reloaded assembly
- Completed reload, in  0.436 seconds
Domain Reload Profiling:
	ReloadAssembly (436ms)
		BeginReloadAssembly (42ms)
			ExecutionOrderSort (0ms)
			DisableScriptedObjects (0ms)
			BackupInstance (0ms)
			ReleaseScriptingObjects (0ms)
			CreateAndSetChildDomain (1ms)
		EndReloadAssembly (339ms)
			LoadAssemblies (40ms)
			RebuildTransferFunctionScriptingTraits (0ms)
			SetupTypeCache (114ms)
			ReleaseScriptCaches (0ms)
			RebuildScriptCaches (23ms)
			SetupLoadedEditorAssemblies (122ms)
				LogAssemblyErrors (0ms)
				InitializePlatformSupportModulesInManaged (3ms)
				SetLoadedEditorAssemblies (0ms)
				RefreshPlugins (23ms)
				BeforeProcessingInitializeOnLoad (12ms)
				ProcessInitializeOnLoadAttributes (62ms)
				ProcessInitializeOnLoadMethodAttributes (21ms)
				AfterProcessingInitializeOnLoad (0ms)
				EditorAssembliesLoaded (0ms)
			ExecutionOrderSort2 (0ms)
			AwakeInstancesAfterBackupRestoration (0ms)
Platform modules already initialized, skipping
Registering precompiled user dll's ...
Registered in 0.003181 seconds.
Begin MonoManager ReloadAssembly
Native extension for WindowsStandalone target not found
Refreshing native plugins compatible for Editor in 0.27 ms, found 2 plugins.
Preloading 0 native plugins for Editor in 0.00 ms.
Mono: successfully reloaded assembly
- Completed reload, in  0.753 seconds
Domain Reload Profiling:
	ReloadAssembly (753ms)
		BeginReloadAssembly (109ms)
			ExecutionOrderSort (0ms)
			DisableScriptedObjects (4ms)
			BackupInstance (0ms)
			ReleaseScriptingObjects (0ms)
			CreateAndSetChildDomain (14ms)
		EndReloadAssembly (599ms)
			LoadAssemblies (63ms)
			RebuildTransferFunctionScriptingTraits (0ms)
			SetupTypeCache (208ms)
			ReleaseScriptCaches (0ms)
			RebuildScriptCaches (31ms)
			SetupLoadedEditorAssemblies (227ms)
				LogAssemblyErrors (0ms)
				InitializePlatformSupportModulesInManaged (3ms)
				SetLoadedEditorAssemblies (0ms)
				RefreshPlugins (0ms)
				BeforeProcessingInitializeOnLoad (59ms)
				ProcessInitializeOnLoadAttributes (152ms)
				ProcessInitializeOnLoadMethodAttributes (7ms)
				AfterProcessingInitializeOnLoad (5ms)
				EditorAssembliesLoaded (0ms)
			ExecutionOrderSort2 (0ms)
			AwakeInstancesAfterBackupRestoration (5ms)
Platform modules already initialized, skipping
========================================================================
Worker process is ready to serve import requests
Launched and connected shader compiler UnityShaderCompiler.exe after 0.04 seconds
Refreshing native plugins compatible for Editor in 0.26 ms, found 2 plugins.
Preloading 0 native plugins for Editor in 0.00 ms.
Unloading 1503 Unused Serialized files (Serialized files now loaded: 0)
System memory in use before: 67.5 MB.
System memory in use after: 67.6 MB.

Unloading 19 unused Assets to reduce memory usage. Loaded Objects now: 1935.
Total: 2.260300 ms (FindLiveObjects: 0.115600 ms CreateObjectMapping: 0.034300 ms MarkObjects: 2.066400 ms  DeleteObjects: 0.043500 ms)

AssetImportParameters requested are different than current active one (requested -> active):
  custom:framework-win-MediaFoundation: 216162199b28c13a410421893ffa2e32 -> 
  custom:video-decoder-ogg-theora: a1e56fd34408186e4bbccfd4996cb3dc -> 
  custom:container-muxer-webm: aa71ff27fc2769a1b78a27578f13a17b -> 
  custom:container-demuxer-webm: 4f35f7cbe854078d1ac9338744f61a02 -> 
  custom:container-demuxer-ogg: 62fdf1f143b41e24485cea50d1cbac27 -> 
  custom:video-encoder-webm-vp8: eb34c28f22e8b96e1ab97ce403110664 -> 
  custom:video-codec-MediaFoundation-h265: 746d11721c4dcdbdad8f713fa42b33f4 -> 
  custom:video-decoder-webm-vp8: 9c59270c3fd7afecdb556c50c9e8de78 -> 
  custom:audio-decoder-ogg-vorbis: bf7c407c2cedff20999df2af8eb42d56 -> 
  custom:audio-encoder-webm-vorbis: bf7c407c2cedff20999df2af8eb42d56 -> 
========================================================================
Received Import Request.
  path: Assets/Scenes/SampleScene.unity
  artifactKey: Guid(9fc0d4010bbf28b4594072e72b8655ab) Importer(815301076,1909f56bfc062723c751e8b465ee728b)
Start importing Assets/Scenes/SampleScene.unity using Guid(9fc0d4010bbf28b4594072e72b8655ab) Importer(815301076,1909f56bfc062723c751e8b465ee728b)  -> (artifact id: 'dcc088d1731b590f9572c6f2bab98c6a') in 0.009482 seconds 
  Import took 0.011103 seconds .

========================================================================
Received Import Request.
  Time since last request: 7.587302 seconds.
  path: Assets/Scenes
  artifactKey: Guid(5178e1ce497a09b499baed2d60bf04eb) Importer(815301076,1909f56bfc062723c751e8b465ee728b)
Start importing Assets/Scenes using Guid(5178e1ce497a09b499baed2d60bf04eb) Importer(815301076,1909f56bfc062723c751e8b465ee728b)  -> (artifact id: '4e6abf7017ff2832380bbb545e91c152') in 0.001655 seconds 
  Import took 0.003723 seconds .

========================================================================
Received Import Request.
  Time since last request: 12.644540 seconds.
  path: Assets/Scenes/Watanabe.unity
  artifactKey: Guid(46802574d5919a6489eae1b919b77888) Importer(815301076,1909f56bfc062723c751e8b465ee728b)
Start importing Assets/Scenes/Watanabe.unity using Guid(46802574d5919a6489eae1b919b77888) Importer(815301076,1909f56bfc062723c751e8b465ee728b)  -> (artifact id: '9524cade55c0e3b23dd0f1f0328fbcf8') in 0.001688 seconds 
  Import took 0.003401 seconds .

========================================================================
Received Import Request.
  Time since last request: 13.984052 seconds.
  path: Assets/Scenes/Murakami.unity
  artifactKey: Guid(7f50793d183c1c74eab5638cd03a7355) Importer(815301076,1909f56bfc062723c751e8b465ee728b)
Start importing Assets/Scenes/Murakami.unity using Guid(7f50793d183c1c74eab5638cd03a7355) Importer(815301076,1909f56bfc062723c751e8b465ee728b)  -> (artifact id: '4f4770b88df661bdbc089011b0b5f96d') in 0.001490 seconds 
  Import took 0.003139 seconds .

========================================================================
Received Import Request.
  Time since last request: 8.069735 seconds.
  path: Assets/Scenes/Seki.unity
  artifactKey: Guid(6c7e4de210e90744aa70a46f457c0ef0) Importer(815301076,1909f56bfc062723c751e8b465ee728b)
Start importing Assets/Scenes/Seki.unity using Guid(6c7e4de210e90744aa70a46f457c0ef0) Importer(815301076,1909f56bfc062723c751e8b465ee728b)  -> (artifact id: '057567d5572b3193196372ddee1799f5') in 0.001550 seconds 
  Import took 0.003221 seconds .

========================================================================
Received Import Request.
  Time since last request: 9.333159 seconds.
  path: Assets/Scenes/Ogawa.unity
  artifactKey: Guid(fc3a5ad815786264bb7693022004bdc3) Importer(815301076,1909f56bfc062723c751e8b465ee728b)
Start importing Assets/Scenes/Ogawa.unity using Guid(fc3a5ad815786264bb7693022004bdc3) Importer(815301076,1909f56bfc062723c751e8b465ee728b)  -> (artifact id: '1bf3c699def977bcd1fcdcd4ad0820dd') in 0.001537 seconds 
  Import took 0.003221 seconds .

========================================================================
Received Import Request.
  Time since last request: 3.820605 seconds.
  path: Assets
  artifactKey: Guid(00000000000000001000000000000000) Importer(815301076,1909f56bfc062723c751e8b465ee728b)
Start importing Assets using Guid(00000000000000001000000000000000) Importer(815301076,1909f56bfc062723c751e8b465ee728b)  -> (artifact id: '42d402b061de3733987d63b9cc3b64de') in 0.001448 seconds 
  Import took 0.003143 seconds .

========================================================================
Received Import Request.
  Time since last request: 12.572629 seconds.
  path: Assets/Script
  artifactKey: Guid(bf93a512fe18197448e5a940eaa159d5) Importer(815301076,1909f56bfc062723c751e8b465ee728b)
Start importing Assets/Script using Guid(bf93a512fe18197448e5a940eaa159d5) Importer(815301076,1909f56bfc062723c751e8b465ee728b)  -> (artifact id: '652df22c6d4e4283ca38578a237d4196') in 0.001394 seconds 
  Import took 0.003135 seconds .

========================================================================
Received Import Request.
  Time since last request: 35.181654 seconds.
  path: Assets/Prafeb
  artifactKey: Guid(a8e7bcbe2ecea9d43b92c657fb13f8ad) Importer(815301076,1909f56bfc062723c751e8b465ee728b)
Start importing Assets/Prafeb using Guid(a8e7bcbe2ecea9d43b92c657fb13f8ad) Importer(815301076,1909f56bfc062723c751e8b465ee728b)  -> (artifact id: '890e19323a6b7dfb00da3a63cbdaedf1') in 0.001388 seconds 
  Import took 0.003075 seconds .

========================================================================
Received Import Request.
  Time since last request: 21.890129 seconds.
  path: Assets/Prafeb/teststage_1.fbx
  artifactKey: Guid(d5d321e919a5e07468d2f63bd7116a02) Importer(815301076,1909f56bfc062723c751e8b465ee728b)
Start importing Assets/Prafeb/teststage_1.fbx using Guid(d5d321e919a5e07468d2f63bd7116a02) Importer(815301076,1909f56bfc062723c751e8b465ee728b)  -> (artifact id: '5813763338a24c6eac935618b3b8262f') in 0.496684 seconds 
  Import took 0.498725 seconds .

========================================================================
Received Import Request.
  Time since last request: 33.916557 seconds.
  path: Assets/Script/Watanabe
  artifactKey: Guid(ce05f6057f91cc44694385998ac63f81) Importer(815301076,1909f56bfc062723c751e8b465ee728b)
Start importing Assets/Script/Watanabe using Guid(ce05f6057f91cc44694385998ac63f81) Importer(815301076,1909f56bfc062723c751e8b465ee728b)  -> (artifact id: 'db7a1b85787848d64312d08f433f0ea9') in 0.001298 seconds 
  Import took 0.003136 seconds .

========================================================================
Received Import Request.
  Time since last request: 7.844799 seconds.
  path: Assets/Script/Murakami
  artifactKey: Guid(db5a2f76a2548cf44a5bf33b1987a809) Importer(815301076,1909f56bfc062723c751e8b465ee728b)
Start importing Assets/Script/Murakami using Guid(db5a2f76a2548cf44a5bf33b1987a809) Importer(815301076,1909f56bfc062723c751e8b465ee728b)  -> (artifact id: '1380d6ddf6b41e8e63b8a6a28127cf01') in 0.001482 seconds 
  Import took 0.003288 seconds .

========================================================================
Received Import Request.
  Time since last request: 5.579833 seconds.
  path: Assets/Script/Seki
  artifactKey: Guid(8851b3b6dcdf7e341a0c1371cfbb2b4a) Importer(815301076,1909f56bfc062723c751e8b465ee728b)
Start importing Assets/Script/Seki using Guid(8851b3b6dcdf7e341a0c1371cfbb2b4a) Importer(815301076,1909f56bfc062723c751e8b465ee728b)  -> (artifact id: '4e7fd875ef03c2dc4c53e1d9f3b44eca') in 0.001632 seconds 
  Import took 0.003602 seconds .

========================================================================
Received Import Request.
  Time since last request: 7.865916 seconds.
  path: Assets/Script/Ogawa
  artifactKey: Guid(6db04af5da288da4cb335deb01087848) Importer(815301076,1909f56bfc062723c751e8b465ee728b)
Start importing Assets/Script/Ogawa using Guid(6db04af5da288da4cb335deb01087848) Importer(815301076,1909f56bfc062723c751e8b465ee728b)  -> (artifact id: '295532ce50c0efd2a60910328cfea749') in 0.002643 seconds 
  Import took 0.004504 seconds .

========================================================================
Received Import Request.
  Time since last request: 26.198820 seconds.
  path: Assets/Prafeb/Watanabe
  artifactKey: Guid(2d01d917d3bb69749a2d46b597abcdd2) Importer(815301076,1909f56bfc062723c751e8b465ee728b)
Start importing Assets/Prafeb/Watanabe using Guid(2d01d917d3bb69749a2d46b597abcdd2) Importer(815301076,1909f56bfc062723c751e8b465ee728b)  -> (artifact id: '2d53d9c4825f3af1af7079bb348fc4cb') in 0.001321 seconds 
  Import took 0.003214 seconds .

========================================================================
Received Import Request.
  Time since last request: 8.448128 seconds.
  path: Assets/Prafeb/Murakami
  artifactKey: Guid(a2da4c91b7f7dce4fa08276fdc7a7a38) Importer(815301076,1909f56bfc062723c751e8b465ee728b)
Start importing Assets/Prafeb/Murakami using Guid(a2da4c91b7f7dce4fa08276fdc7a7a38) Importer(815301076,1909f56bfc062723c751e8b465ee728b)  -> (artifact id: '5bf8ba4a04077a70469b1f260ae0d559') in 0.001340 seconds 
  Import took 0.003168 seconds .

========================================================================
Received Import Request.
  Time since last request: 4.785229 seconds.
  path: Assets/Prafeb/Seki
  artifactKey: Guid(0eaa05c5fc7c6a949a54a521a146b14e) Importer(815301076,1909f56bfc062723c751e8b465ee728b)
Start importing Assets/Prafeb/Seki using Guid(0eaa05c5fc7c6a949a54a521a146b14e) Importer(815301076,1909f56bfc062723c751e8b465ee728b)  -> (artifact id: '2870a4f82774eeaa3f42b32463d681a1') in 0.001456 seconds 
  Import took 0.003298 seconds .

========================================================================
Received Import Request.
  Time since last request: 8.605957 seconds.
  path: Assets/Prafeb/Ogawa
  artifactKey: Guid(5b3bf8d4fc1ea5842844937601b3736b) Importer(815301076,1909f56bfc062723c751e8b465ee728b)
Start importing Assets/Prafeb/Ogawa using Guid(5b3bf8d4fc1ea5842844937601b3736b) Importer(815301076,1909f56bfc062723c751e8b465ee728b)  -> (artifact id: '344f8ad8cb796b6866ce432efa2dba11') in 0.001440 seconds 
  Import took 0.003284 seconds .

========================================================================
Received Import Request.
  Time since last request: 46.066665 seconds.
  path: Assets/Scenes/PlayScene.unity
  artifactKey: Guid(1179e9b81b4632445a0e8ec6c2c74918) Importer(815301076,1909f56bfc062723c751e8b465ee728b)
Start importing Assets/Scenes/PlayScene.unity using Guid(1179e9b81b4632445a0e8ec6c2c74918) Importer(815301076,1909f56bfc062723c751e8b465ee728b)  -> (artifact id: 'c68001a647046dbe68eb0f31af39addc') in 0.001721 seconds 
  Import took 0.003648 seconds .

========================================================================
Received Import Request.
  Time since last request: 20.340415 seconds.
  path: Assets/Scenes/Title.unity
  artifactKey: Guid(40b6e55f1e23b6d45af827e8100b3c44) Importer(815301076,1909f56bfc062723c751e8b465ee728b)
Start importing Assets/Scenes/Title.unity using Guid(40b6e55f1e23b6d45af827e8100b3c44) Importer(815301076,1909f56bfc062723c751e8b465ee728b)  -> (artifact id: 'eee68869d38baec9103c4ede2203436f') in 0.001672 seconds 
  Import took 0.003750 seconds .

AssetImportWorkerClient::OnTransportError - code=2 error=End of file
